[+] Containers:
 |- [+] Container: /Game/ThirdPerson/Maps/ThirdPersonMap
 |   |- [+] ActorDescs:
 |   |   |- Guid:09237009485A61B880D89D87BDB51037 BaseClass:/Game/BP_tick/BP_minsec.BP_minsec_C NativeClass:/Script/Engine.Actor Name:BP_minsec_C_UAID_18C04D803214162002_1787449166 Label:BP_minsec SpatiallyLoaded:1 Bounds:IsValid=true, Min=(X=1080.000 Y=710.000 Z=170.000), Max=(X=1080.000 Y=710.000 Z=170.000) RuntimeGrid:None EditorOnly:0 RuntimeOnly:0 HLODRelevant:0 ListedInSceneOutliner:1 IsMainWorldOnly:0
 |   |   |- Guid:0E403BFB46E7883EDC57BB93F026078C BaseClass:/Game/BP_Overlap/BP_abonement.BP_abonement_C NativeClass:/Script/Engine.Pawn Name:BP_abonement_C_UAID_18C04D803214122002_1730569456 Label:BP_abonement SpatiallyLoaded:1 Bounds:IsValid=true, Min=(X=862.000 Y=1172.000 Z=-22.500), Max=(X=1038.000 Y=1348.000 Z=16.000) RuntimeGrid:None EditorOnly:0 RuntimeOnly:0 HLODRelevant:0 ListedInSceneOutliner:1 IsMainWorldOnly:0
 |   |   |- Guid:1891C15241920D16AA3845AA1175F2B7 BaseClass:/Game/BP_Overlap/BP_recoloured.BP_recoloured_C NativeClass:/Script/Engine.Pawn Name:BP_recoloured_C_UAID_18C04D803214142002_1613221810 Label:BP_recoloured SpatiallyLoaded:1 Bounds:IsValid=true, Min=(X=678.000 Y=1598.000 Z=-12.000), Max=(X=802.000 Y=1722.000 Z=112.000) RuntimeGrid:None EditorOnly:0 RuntimeOnly:0 HLODRelevant:0 ListedInSceneOutliner:1 IsMainWorldOnly:0
 |   |   |- Guid:19482E8340F198501124ED93CF4B1309 BaseClass:/Game/BP_Overlap/BP_transformation.BP_transformation_C NativeClass:/Script/Engine.Pawn Name:BP_transformation_C_UAID_18C04D803214142002_1767668811 Label:BP_transformation SpatiallyLoaded:1 Bounds:IsValid=true, Min=(X=704.000 Y=1814.000 Z=-16.000), Max=(X=816.000 Y=1926.000 Z=96.000) RuntimeGrid:None EditorOnly:0 RuntimeOnly:0 HLODRelevant:0 ListedInSceneOutliner:1 IsMainWorldOnly:0
 |   |   |- Guid:2BA9F3B24EB5EB5D613E0DBCE12536AB BaseClass:/Game/BP_Overlap/BP_tourniquet.BP_tourniquet_C NativeClass:/Script/Engine.Pawn Name:BP_tourniquet_C_UAID_18C04D8032140E2002_1889460753 Label:BP_tourniquet SpatiallyLoaded:1 Bounds:IsValid=true, Min=(X=1105.000 Y=1118.000 Z=-32.000), Max=(X=1355.000 Y=1422.000 Z=32.000) RuntimeGrid:None EditorOnly:0 RuntimeOnly:0 HLODRelevant:0 ListedInSceneOutliner:1 IsMainWorldOnly:0
 |   |   |- Guid:2FB58999456391D349DC0F86DAC136ED BaseClass: NativeClass:/Script/Engine.SkyLight Name:SkyLight_1 Label:SkyLight SpatiallyLoaded:0 Bounds:IsValid=true, Min=(X=0.000 Y=0.000 Z=690.000), Max=(X=0.000 Y=0.000 Z=690.000) RuntimeGrid:None EditorOnly:0 RuntimeOnly:0 HLODRelevant:0 ListedInSceneOutliner:1 IsMainWorldOnly:0 FolderPath:Lighting FolderGuid:963EC3EB4002CCE9759E2EBA541A873A
 |   |   |- Guid:316CF2A6494ACA4C0E4180A87D36AB8F BaseClass: NativeClass:/Script/Engine.ExponentialHeightFog Name:ExponentialHeightFog_0 Label:ExponentialHeightFog SpatiallyLoaded:0 Bounds:IsValid=true, Min=(X=-5600.000 Y=-50.000 Z=-6850.000), Max=(X=-5600.000 Y=-50.000 Z=-6850.000) RuntimeGrid:None EditorOnly:0 RuntimeOnly:0 HLODRelevant:0 ListedInSceneOutliner:1 IsMainWorldOnly:0 FolderPath:Lighting FolderGuid:963EC3EB4002CCE9759E2EBA541A873A
 |   |   |- Guid:3A00AA1C422CE54C0BDB60BAF471BFBB BaseClass: NativeClass:/Script/Engine.PlayerStart Name:PlayerStart_0 Label:PlayerStart SpatiallyLoaded:0 Bounds:IsValid=true, Min=(X=860.000 Y=1070.000 Z=0.013), Max=(X=940.000 Y=1150.000 Z=184.013) RuntimeGrid:None EditorOnly:0 RuntimeOnly:0 HLODRelevant:0 ListedInSceneOutliner:1 IsMainWorldOnly:0
 |   |   |- Guid:3E6612A74C8CC6D16FB215AC9D96DEFF BaseClass:/Game/BP_BeginPlay/BP_coin.BP_coin_C NativeClass:/Script/Engine.Actor Name:BP_coin_C_UAID_18C04D803214FB1F02_1704255409 Label:BP_coin SpatiallyLoaded:1 Bounds:IsValid=true, Min=(X=933.297 Y=383.297 Z=75.485), Max=(X=1066.703 Y=516.703 Z=84.515) RuntimeGrid:None EditorOnly:0 RuntimeOnly:0 HLODRelevant:0 ListedInSceneOutliner:1 IsMainWorldOnly:0
 |   |   |- Guid:45FEAA374EFCE63FB24C419E109449A9 BaseClass:/Game/BP_tick/BP_metronom.BP_metronom_C NativeClass:/Script/Engine.Actor Name:BP_metronom_C_UAID_18C04D803214942102_1382470391 Label:BP_metronom SpatiallyLoaded:1 Bounds:IsValid=true, Min=(X=1140.000 Y=800.000 Z=110.000), Max=(X=1140.000 Y=800.000 Z=110.000) RuntimeGrid:None EditorOnly:0 RuntimeOnly:0 HLODRelevant:0 ListedInSceneOutliner:1 IsMainWorldOnly:0
 |   |   |- Guid:4D3BE93F4146AAAC8BBE79999D96D57F BaseClass: NativeClass:/Script/Engine.VolumetricCloud Name:VolumetricCloud_0 Label:VolumetricCloud SpatiallyLoaded:0 Bounds:IsValid=true, Min=(X=0.000 Y=0.000 Z=820.000), Max=(X=0.000 Y=0.000 Z=820.000) RuntimeGrid:None EditorOnly:0 RuntimeOnly:0 HLODRelevant:0 ListedInSceneOutliner:1 IsMainWorldOnly:0 FolderPath:Lighting FolderGuid:963EC3EB4002CCE9759E2EBA541A873A
 |   |   |- Guid:5B97F4A64FB21F77EFC44386BF705B4C BaseClass: NativeClass:/Script/Engine.TextRenderActor Name:TextRenderActor_1 Label:TextRenderActor SpatiallyLoaded:1 Bounds:IsValid=true, Min=(X=-0.100 Y=1100.000 Z=65.013), Max=(X=-0.100 Y=2392.308 Z=215.013) RuntimeGrid:None EditorOnly:0 RuntimeOnly:0 HLODRelevant:0 ListedInSceneOutliner:1 IsMainWorldOnly:0
 |   |   |- Guid:5E17B5FD4C7B1ED3B2DF7AB9D4432A53 BaseClass:/Game/BP_Math/BP_donut.BP_donut_C NativeClass:/Script/Engine.Actor Name:BP_donut_C_UAID_18C04D803214722402_2029316578 Label:BP_donut SpatiallyLoaded:1 Bounds:IsValid=true, Min=(X=-88.000 Y=844.000 Z=-5.111), Max=(X=308.000 Y=1196.000 Z=400.500) RuntimeGrid:None EditorOnly:0 RuntimeOnly:0 HLODRelevant:0 ListedInSceneOutliner:1 IsMainWorldOnly:0
 |   |   |- Guid:6BAF4DDD444C60371492D3919DB42C97 BaseClass: NativeClass:/Script/Engine.WorldDataLayers Name:WorldDataLayers Label:WorldDataLayers SpatiallyLoaded:0 Bounds:IsValid=true, Min=(X=0.000 Y=0.000 Z=0.000), Max=(X=0.000 Y=0.000 Z=0.000) RuntimeGrid:None EditorOnly:0 RuntimeOnly:0 HLODRelevant:0 ListedInSceneOutliner:1 IsMainWorldOnly:1
 |   |   |- Guid:73AA6E884A6B7CC1D2320D8F39E85511 BaseClass:/Game/BP_Overlap/BP_ticket.BP_ticket_C NativeClass:/Script/Engine.Pawn Name:BP_ticket_C_UAID_18C04D803214122002_1338393455 Label:BP_ticket SpatiallyLoaded:1 Bounds:IsValid=true, Min=(X=1498.000 Y=1170.000 Z=-26.000), Max=(X=1802.000 Y=1370.000 Z=26.000) RuntimeGrid:None EditorOnly:0 RuntimeOnly:0 HLODRelevant:0 ListedInSceneOutliner:1 IsMainWorldOnly:0
 |   |   |- Guid:747A51B346182874C0895684C428A1BD BaseClass:/Game/BP_Math/BP_potion.BP_potion_C NativeClass:/Script/Engine.Actor Name:BP_potion_C_UAID_18C04D803214732402_1494625755 Label:BP_potion SpatiallyLoaded:1 Bounds:IsValid=true, Min=(X=1180.000 Y=520.000 Z=70.000), Max=(X=1180.000 Y=520.000 Z=70.000) RuntimeGrid:None EditorOnly:0 RuntimeOnly:0 HLODRelevant:0 ListedInSceneOutliner:1 IsMainWorldOnly:0
 |   |   |- Guid:9C419F904455242946099590EC893ED0 BaseClass:/Game/BP_BeginPlay/BP_rotation.BP_rotation_C NativeClass:/Script/Engine.Actor Name:BP_rotation_C_UAID_18C04D8032140E2002_1130894751 Label:BP_rotation SpatiallyLoaded:1 Bounds:IsValid=true, Min=(X=1315.679 Y=375.679 Z=45.646), Max=(X=1444.321 Y=504.321 Z=54.354) RuntimeGrid:None EditorOnly:0 RuntimeOnly:0 HLODRelevant:0 ListedInSceneOutliner:1 IsMainWorldOnly:0
 |   |   |- Guid:9F0AFB164A76D12B7559CE9E773575CA BaseClass:/Game/BP_Math/BP_grades.BP_grades_C NativeClass:/Script/Engine.Actor Name:BP_grades_C_UAID_18C04D803214732402_2122979756 Label:BP_grades SpatiallyLoaded:1 Bounds:IsValid=true, Min=(X=100.000 Y=570.000 Z=-30.000), Max=(X=340.000 Y=810.000 Z=210.000) RuntimeGrid:None EditorOnly:0 RuntimeOnly:0 HLODRelevant:0 ListedInSceneOutliner:1 IsMainWorldOnly:0
 |   |   |- Guid:A4F12FEA46C8E32CD5C6D29DCFBB2904 BaseClass:/Game/BP_tick/BP_time.BP_time_C NativeClass:/Script/Engine.Actor Name:BP_time_C_UAID_18C04D803214152002_1186650988 Label:BP_time SpatiallyLoaded:1 Bounds:IsValid=true, Min=(X=940.000 Y=680.000 Z=150.000), Max=(X=940.000 Y=680.000 Z=150.000) RuntimeGrid:None EditorOnly:0 RuntimeOnly:0 HLODRelevant:0 ListedInSceneOutliner:1 IsMainWorldOnly:0
 |   |   |- Guid:B785ED2844B84CFB91E7F39FE661CD99 BaseClass: NativeClass:/Script/Engine.DirectionalLight Name:DirectionalLight_0 Label:DirectionalLight SpatiallyLoaded:0 Bounds:IsValid=true, Min=(X=-1048576.000 Y=-1048576.000 Z=-1048576.000), Max=(X=1048576.000 Y=1048576.000 Z=1048576.000) RuntimeGrid:None EditorOnly:0 RuntimeOnly:0 HLODRelevant:0 ListedInSceneOutliner:1 IsMainWorldOnly:0 FolderPath:Lighting FolderGuid:963EC3EB4002CCE9759E2EBA541A873A
 |   |   |- Guid:BFF286964E7A37035E321D91049285E5 BaseClass:/Game/BP_Math/BP_year.BP_year_C NativeClass:/Script/Engine.Actor Name:BP_year_C_UAID_18C04D803214742402_1814666933 Label:BP_year SpatiallyLoaded:1 Bounds:IsValid=true, Min=(X=578.000 Y=408.000 Z=-12.000), Max=(X=642.000 Y=472.000 Z=52.000) RuntimeGrid:None EditorOnly:0 RuntimeOnly:0 HLODRelevant:0 ListedInSceneOutliner:1 IsMainWorldOnly:0
 |   |   |- Guid:C1D00FA64A8F63AB7867A6B8574EF0B4 BaseClass:/Game/BP_tick/BP_seconds.BP_seconds_C NativeClass:/Script/Engine.Actor Name:BP_seconds_C_UAID_18C04D803214152002_1907234989 Label:BP_seconds SpatiallyLoaded:1 Bounds:IsValid=true, Min=(X=1560.000 Y=540.000 Z=40.000), Max=(X=1560.000 Y=540.000 Z=40.000) RuntimeGrid:None EditorOnly:0 RuntimeOnly:0 HLODRelevant:0 ListedInSceneOutliner:1 IsMainWorldOnly:0
 |   |   |- Guid:CCFF262C46EEFFDF319E7F9539CE697E BaseClass: NativeClass:/Script/Engine.SkyAtmosphere Name:SkyAtmosphere_0 Label:SkyAtmosphere SpatiallyLoaded:0 Bounds:IsValid=true, Min=(X=0.000 Y=0.000 Z=1020.000), Max=(X=0.000 Y=0.000 Z=1020.000) RuntimeGrid:None EditorOnly:0 RuntimeOnly:0 HLODRelevant:0 ListedInSceneOutliner:1 IsMainWorldOnly:0 FolderPath:Lighting FolderGuid:963EC3EB4002CCE9759E2EBA541A873A
 |   |   |- Guid:D3FD1A4444D3223230AF5BBA26157BFF BaseClass:/Game/BP_Overlap/BP_explosure.BP_explosure_C NativeClass:/Script/Engine.Pawn Name:BP_explosure_C_UAID_18C04D803214142002_1176598809 Label:BP_explosure SpatiallyLoaded:1 Bounds:IsValid=true, Min=(X=680.000 Y=1370.000 Z=9.500), Max=(X=780.000 Y=1470.000 Z=45.500) RuntimeGrid:None EditorOnly:0 RuntimeOnly:0 HLODRelevant:0 ListedInSceneOutliner:1 IsMainWorldOnly:0
 |   |   |- Guid:DD95DAB44502D56F513799AEB618B587 BaseClass:/Game/BP_Math/BP_debuff.BP_debuff_C NativeClass:/Script/Engine.Actor Name:BP_debuff_C_UAID_18C04D803214722402_1351760577 Label:BP_debuff SpatiallyLoaded:1 Bounds:IsValid=true, Min=(X=117.197 Y=1295.558 Z=1.994), Max=(X=353.197 Y=1491.558 Z=197.994) RuntimeGrid:None EditorOnly:0 RuntimeOnly:0 HLODRelevant:0 ListedInSceneOutliner:1 IsMainWorldOnly:0
 |   |   |- Guid:EC4E0C944CE6AC6E784BC6BB2916EA13 BaseClass: NativeClass:/Script/Engine.StaticMeshActor Name:StaticMeshActor_UAID_A4AE111137DC5EFB00_1110535423 Label:SM_SkySphere SpatiallyLoaded:0 Bounds:IsValid=true, Min=(X=-1638400.000 Y=-1638400.000 Z=-1638400.000), Max=(X=1638400.000 Y=1638400.000 Z=1638400.000) RuntimeGrid:None EditorOnly:0 RuntimeOnly:0 HLODRelevant:1 ListedInSceneOutliner:1 IsMainWorldOnly:0 FolderPath:Lighting FolderGuid:963EC3EB4002CCE9759E2EBA541A873A
 |   |   |- Guid:F1924B8D48954B30891B2DB6A694F9CC BaseClass: NativeClass:/Script/Engine.StaticMeshActor Name:StaticMeshActor_1 Label:SM_Cube SpatiallyLoaded:1 Bounds:IsValid=true, Min=(X=0.000 Y=0.000 Z=-50.000), Max=(X=3000.000 Y=3500.000 Z=0.000) RuntimeGrid:None EditorOnly:0 RuntimeOnly:0 HLODRelevant:1 ListedInSceneOutliner:1 IsMainWorldOnly:0 FolderPath:Playground FolderGuid:C73F09FC4215536B1DCE2A9E0A830C70
 |   |   |- Guid:F5E3FEB3450C49844FD93DA8E083C8AD BaseClass: NativeClass:/Script/Engine.PostProcessVolume Name:PostProcessVolume_0 Label:PostProcessVolume SpatiallyLoaded:0 Bounds:IsValid=true, Min=(X=0.000 Y=0.000 Z=400.000), Max=(X=200.000 Y=200.000 Z=600.000) RuntimeGrid:None EditorOnly:0 RuntimeOnly:0 HLODRelevant:0 ListedInSceneOutliner:1 IsMainWorldOnly:0 FolderPath:Lighting FolderGuid:963EC3EB4002CCE9759E2EBA541A873A
 |   |- [+] Clusters:
 |   |   |- [+] [  0]
 |   |   |   |- Guid:09237009485A61B880D89D87BDB51037 BaseClass:/Game/BP_tick/BP_minsec.BP_minsec_C NativeClass:/Script/Engine.Actor Name:BP_minsec_C_UAID_18C04D803214162002_1787449166 Label:BP_minsec SpatiallyLoaded:1 Bounds:IsValid=true, Min=(X=1080.000 Y=710.000 Z=170.000), Max=(X=1080.000 Y=710.000 Z=170.000) RuntimeGrid:None EditorOnly:0 RuntimeOnly:0 HLODRelevant:0 ListedInSceneOutliner:1 IsMainWorldOnly:0
 |   |   |- [+] [  1]
 |   |   |   |- Guid:0E403BFB46E7883EDC57BB93F026078C BaseClass:/Game/BP_Overlap/BP_abonement.BP_abonement_C NativeClass:/Script/Engine.Pawn Name:BP_abonement_C_UAID_18C04D803214122002_1730569456 Label:BP_abonement SpatiallyLoaded:1 Bounds:IsValid=true, Min=(X=862.000 Y=1172.000 Z=-22.500), Max=(X=1038.000 Y=1348.000 Z=16.000) RuntimeGrid:None EditorOnly:0 RuntimeOnly:0 HLODRelevant:0 ListedInSceneOutliner:1 IsMainWorldOnly:0
 |   |   |- [+] [  2]
 |   |   |   |- Guid:1891C15241920D16AA3845AA1175F2B7 BaseClass:/Game/BP_Overlap/BP_recoloured.BP_recoloured_C NativeClass:/Script/Engine.Pawn Name:BP_recoloured_C_UAID_18C04D803214142002_1613221810 Label:BP_recoloured SpatiallyLoaded:1 Bounds:IsValid=true, Min=(X=678.000 Y=1598.000 Z=-12.000), Max=(X=802.000 Y=1722.000 Z=112.000) RuntimeGrid:None EditorOnly:0 RuntimeOnly:0 HLODRelevant:0 ListedInSceneOutliner:1 IsMainWorldOnly:0
 |   |   |- [+] [  3]
 |   |   |   |- Guid:19482E8340F198501124ED93CF4B1309 BaseClass:/Game/BP_Overlap/BP_transformation.BP_transformation_C NativeClass:/Script/Engine.Pawn Name:BP_transformation_C_UAID_18C04D803214142002_1767668811 Label:BP_transformation SpatiallyLoaded:1 Bounds:IsValid=true, Min=(X=704.000 Y=1814.000 Z=-16.000), Max=(X=816.000 Y=1926.000 Z=96.000) RuntimeGrid:None EditorOnly:0 RuntimeOnly:0 HLODRelevant:0 ListedInSceneOutliner:1 IsMainWorldOnly:0
 |   |   |- [+] [  4]
 |   |   |   |- Guid:2BA9F3B24EB5EB5D613E0DBCE12536AB BaseClass:/Game/BP_Overlap/BP_tourniquet.BP_tourniquet_C NativeClass:/Script/Engine.Pawn Name:BP_tourniquet_C_UAID_18C04D8032140E2002_1889460753 Label:BP_tourniquet SpatiallyLoaded:1 Bounds:IsValid=true, Min=(X=1105.000 Y=1118.000 Z=-32.000), Max=(X=1355.000 Y=1422.000 Z=32.000) RuntimeGrid:None EditorOnly:0 RuntimeOnly:0 HLODRelevant:0 ListedInSceneOutliner:1 IsMainWorldOnly:0
 |   |   |- [+] [  5]
 |   |   |   |- Guid:2FB58999456391D349DC0F86DAC136ED BaseClass: NativeClass:/Script/Engine.SkyLight Name:SkyLight_1 Label:SkyLight SpatiallyLoaded:0 Bounds:IsValid=true, Min=(X=0.000 Y=0.000 Z=690.000), Max=(X=0.000 Y=0.000 Z=690.000) RuntimeGrid:None EditorOnly:0 RuntimeOnly:0 HLODRelevant:0 ListedInSceneOutliner:1 IsMainWorldOnly:0 FolderPath:Lighting FolderGuid:963EC3EB4002CCE9759E2EBA541A873A
 |   |   |- [+] [  6]
 |   |   |   |- Guid:316CF2A6494ACA4C0E4180A87D36AB8F BaseClass: NativeClass:/Script/Engine.ExponentialHeightFog Name:ExponentialHeightFog_0 Label:ExponentialHeightFog SpatiallyLoaded:0 Bounds:IsValid=true, Min=(X=-5600.000 Y=-50.000 Z=-6850.000), Max=(X=-5600.000 Y=-50.000 Z=-6850.000) RuntimeGrid:None EditorOnly:0 RuntimeOnly:0 HLODRelevant:0 ListedInSceneOutliner:1 IsMainWorldOnly:0 FolderPath:Lighting FolderGuid:963EC3EB4002CCE9759E2EBA541A873A
 |   |   |- [+] [  7]
 |   |   |   |- Guid:3A00AA1C422CE54C0BDB60BAF471BFBB BaseClass: NativeClass:/Script/Engine.PlayerStart Name:PlayerStart_0 Label:PlayerStart SpatiallyLoaded:0 Bounds:IsValid=true, Min=(X=860.000 Y=1070.000 Z=0.013), Max=(X=940.000 Y=1150.000 Z=184.013) RuntimeGrid:None EditorOnly:0 RuntimeOnly:0 HLODRelevant:0 ListedInSceneOutliner:1 IsMainWorldOnly:0
 |   |   |- [+] [  8]
 |   |   |   |- Guid:3E6612A74C8CC6D16FB215AC9D96DEFF BaseClass:/Game/BP_BeginPlay/BP_coin.BP_coin_C NativeClass:/Script/Engine.Actor Name:BP_coin_C_UAID_18C04D803214FB1F02_1704255409 Label:BP_coin SpatiallyLoaded:1 Bounds:IsValid=true, Min=(X=933.297 Y=383.297 Z=75.485), Max=(X=1066.703 Y=516.703 Z=84.515) RuntimeGrid:None EditorOnly:0 RuntimeOnly:0 HLODRelevant:0 ListedInSceneOutliner:1 IsMainWorldOnly:0
 |   |   |- [+] [  9]
 |   |   |   |- Guid:45FEAA374EFCE63FB24C419E109449A9 BaseClass:/Game/BP_tick/BP_metronom.BP_metronom_C NativeClass:/Script/Engine.Actor Name:BP_metronom_C_UAID_18C04D803214942102_1382470391 Label:BP_metronom SpatiallyLoaded:1 Bounds:IsValid=true, Min=(X=1140.000 Y=800.000 Z=110.000), Max=(X=1140.000 Y=800.000 Z=110.000) RuntimeGrid:None EditorOnly:0 RuntimeOnly:0 HLODRelevant:0 ListedInSceneOutliner:1 IsMainWorldOnly:0
 |   |   |- [+] [ 10]
 |   |   |   |- Guid:4D3BE93F4146AAAC8BBE79999D96D57F BaseClass: NativeClass:/Script/Engine.VolumetricCloud Name:VolumetricCloud_0 Label:VolumetricCloud SpatiallyLoaded:0 Bounds:IsValid=true, Min=(X=0.000 Y=0.000 Z=820.000), Max=(X=0.000 Y=0.000 Z=820.000) RuntimeGrid:None EditorOnly:0 RuntimeOnly:0 HLODRelevant:0 ListedInSceneOutliner:1 IsMainWorldOnly:0 FolderPath:Lighting FolderGuid:963EC3EB4002CCE9759E2EBA541A873A
 |   |   |- [+] [ 11]
 |   |   |   |- Guid:5B97F4A64FB21F77EFC44386BF705B4C BaseClass: NativeClass:/Script/Engine.TextRenderActor Name:TextRenderActor_1 Label:TextRenderActor SpatiallyLoaded:1 Bounds:IsValid=true, Min=(X=-0.100 Y=1100.000 Z=65.013), Max=(X=-0.100 Y=2392.308 Z=215.013) RuntimeGrid:None EditorOnly:0 RuntimeOnly:0 HLODRelevant:0 ListedInSceneOutliner:1 IsMainWorldOnly:0
 |   |   |- [+] [ 12]
 |   |   |   |- Guid:5E17B5FD4C7B1ED3B2DF7AB9D4432A53 BaseClass:/Game/BP_Math/BP_donut.BP_donut_C NativeClass:/Script/Engine.Actor Name:BP_donut_C_UAID_18C04D803214722402_2029316578 Label:BP_donut SpatiallyLoaded:1 Bounds:IsValid=true, Min=(X=-88.000 Y=844.000 Z=-5.111), Max=(X=308.000 Y=1196.000 Z=400.500) RuntimeGrid:None EditorOnly:0 RuntimeOnly:0 HLODRelevant:0 ListedInSceneOutliner:1 IsMainWorldOnly:0
 |   |   |- [+] [ 13]
 |   |   |   |- Guid:6BAF4DDD444C60371492D3919DB42C97 BaseClass: NativeClass:/Script/Engine.WorldDataLayers Name:WorldDataLayers Label:WorldDataLayers SpatiallyLoaded:0 Bounds:IsValid=true, Min=(X=0.000 Y=0.000 Z=0.000), Max=(X=0.000 Y=0.000 Z=0.000) RuntimeGrid:None EditorOnly:0 RuntimeOnly:0 HLODRelevant:0 ListedInSceneOutliner:1 IsMainWorldOnly:1
 |   |   |- [+] [ 14]
 |   |   |   |- Guid:73AA6E884A6B7CC1D2320D8F39E85511 BaseClass:/Game/BP_Overlap/BP_ticket.BP_ticket_C NativeClass:/Script/Engine.Pawn Name:BP_ticket_C_UAID_18C04D803214122002_1338393455 Label:BP_ticket SpatiallyLoaded:1 Bounds:IsValid=true, Min=(X=1498.000 Y=1170.000 Z=-26.000), Max=(X=1802.000 Y=1370.000 Z=26.000) RuntimeGrid:None EditorOnly:0 RuntimeOnly:0 HLODRelevant:0 ListedInSceneOutliner:1 IsMainWorldOnly:0
 |   |   |- [+] [ 15]
 |   |   |   |- Guid:747A51B346182874C0895684C428A1BD BaseClass:/Game/BP_Math/BP_potion.BP_potion_C NativeClass:/Script/Engine.Actor Name:BP_potion_C_UAID_18C04D803214732402_1494625755 Label:BP_potion SpatiallyLoaded:1 Bounds:IsValid=true, Min=(X=1180.000 Y=520.000 Z=70.000), Max=(X=1180.000 Y=520.000 Z=70.000) RuntimeGrid:None EditorOnly:0 RuntimeOnly:0 HLODRelevant:0 ListedInSceneOutliner:1 IsMainWorldOnly:0
 |   |   |- [+] [ 16]
 |   |   |   |- Guid:9C419F904455242946099590EC893ED0 BaseClass:/Game/BP_BeginPlay/BP_rotation.BP_rotation_C NativeClass:/Script/Engine.Actor Name:BP_rotation_C_UAID_18C04D8032140E2002_1130894751 Label:BP_rotation SpatiallyLoaded:1 Bounds:IsValid=true, Min=(X=1315.679 Y=375.679 Z=45.646), Max=(X=1444.321 Y=504.321 Z=54.354) RuntimeGrid:None EditorOnly:0 RuntimeOnly:0 HLODRelevant:0 ListedInSceneOutliner:1 IsMainWorldOnly:0
 |   |   |- [+] [ 17]
 |   |   |   |- Guid:9F0AFB164A76D12B7559CE9E773575CA BaseClass:/Game/BP_Math/BP_grades.BP_grades_C NativeClass:/Script/Engine.Actor Name:BP_grades_C_UAID_18C04D803214732402_2122979756 Label:BP_grades SpatiallyLoaded:1 Bounds:IsValid=true, Min=(X=100.000 Y=570.000 Z=-30.000), Max=(X=340.000 Y=810.000 Z=210.000) RuntimeGrid:None EditorOnly:0 RuntimeOnly:0 HLODRelevant:0 ListedInSceneOutliner:1 IsMainWorldOnly:0
 |   |   |- [+] [ 18]
 |   |   |   |- Guid:A4F12FEA46C8E32CD5C6D29DCFBB2904 BaseClass:/Game/BP_tick/BP_time.BP_time_C NativeClass:/Script/Engine.Actor Name:BP_time_C_UAID_18C04D803214152002_1186650988 Label:BP_time SpatiallyLoaded:1 Bounds:IsValid=true, Min=(X=940.000 Y=680.000 Z=150.000), Max=(X=940.000 Y=680.000 Z=150.000) RuntimeGrid:None EditorOnly:0 RuntimeOnly:0 HLODRelevant:0 ListedInSceneOutliner:1 IsMainWorldOnly:0
 |   |   |- [+] [ 19]
 |   |   |   |- Guid:B785ED2844B84CFB91E7F39FE661CD99 BaseClass: NativeClass:/Script/Engine.DirectionalLight Name:DirectionalLight_0 Label:DirectionalLight SpatiallyLoaded:0 Bounds:IsValid=true, Min=(X=-1048576.000 Y=-1048576.000 Z=-1048576.000), Max=(X=1048576.000 Y=1048576.000 Z=1048576.000) RuntimeGrid:None EditorOnly:0 RuntimeOnly:0 HLODRelevant:0 ListedInSceneOutliner:1 IsMainWorldOnly:0 FolderPath:Lighting FolderGuid:963EC3EB4002CCE9759E2EBA541A873A
 |   |   |- [+] [ 20]
 |   |   |   |- Guid:BFF286964E7A37035E321D91049285E5 BaseClass:/Game/BP_Math/BP_year.BP_year_C NativeClass:/Script/Engine.Actor Name:BP_year_C_UAID_18C04D803214742402_1814666933 Label:BP_year SpatiallyLoaded:1 Bounds:IsValid=true, Min=(X=578.000 Y=408.000 Z=-12.000), Max=(X=642.000 Y=472.000 Z=52.000) RuntimeGrid:None EditorOnly:0 RuntimeOnly:0 HLODRelevant:0 ListedInSceneOutliner:1 IsMainWorldOnly:0
 |   |   |- [+] [ 21]
 |   |   |   |- Guid:C1D00FA64A8F63AB7867A6B8574EF0B4 BaseClass:/Game/BP_tick/BP_seconds.BP_seconds_C NativeClass:/Script/Engine.Actor Name:BP_seconds_C_UAID_18C04D803214152002_1907234989 Label:BP_seconds SpatiallyLoaded:1 Bounds:IsValid=true, Min=(X=1560.000 Y=540.000 Z=40.000), Max=(X=1560.000 Y=540.000 Z=40.000) RuntimeGrid:None EditorOnly:0 RuntimeOnly:0 HLODRelevant:0 ListedInSceneOutliner:1 IsMainWorldOnly:0
 |   |   |- [+] [ 22]
 |   |   |   |- Guid:CCFF262C46EEFFDF319E7F9539CE697E BaseClass: NativeClass:/Script/Engine.SkyAtmosphere Name:SkyAtmosphere_0 Label:SkyAtmosphere SpatiallyLoaded:0 Bounds:IsValid=true, Min=(X=0.000 Y=0.000 Z=1020.000), Max=(X=0.000 Y=0.000 Z=1020.000) RuntimeGrid:None EditorOnly:0 RuntimeOnly:0 HLODRelevant:0 ListedInSceneOutliner:1 IsMainWorldOnly:0 FolderPath:Lighting FolderGuid:963EC3EB4002CCE9759E2EBA541A873A
 |   |   |- [+] [ 23]
 |   |   |   |- Guid:D3FD1A4444D3223230AF5BBA26157BFF BaseClass:/Game/BP_Overlap/BP_explosure.BP_explosure_C NativeClass:/Script/Engine.Pawn Name:BP_explosure_C_UAID_18C04D803214142002_1176598809 Label:BP_explosure SpatiallyLoaded:1 Bounds:IsValid=true, Min=(X=680.000 Y=1370.000 Z=9.500), Max=(X=780.000 Y=1470.000 Z=45.500) RuntimeGrid:None EditorOnly:0 RuntimeOnly:0 HLODRelevant:0 ListedInSceneOutliner:1 IsMainWorldOnly:0
 |   |   |- [+] [ 24]
 |   |   |   |- Guid:DD95DAB44502D56F513799AEB618B587 BaseClass:/Game/BP_Math/BP_debuff.BP_debuff_C NativeClass:/Script/Engine.Actor Name:BP_debuff_C_UAID_18C04D803214722402_1351760577 Label:BP_debuff SpatiallyLoaded:1 Bounds:IsValid=true, Min=(X=117.197 Y=1295.558 Z=1.994), Max=(X=353.197 Y=1491.558 Z=197.994) RuntimeGrid:None EditorOnly:0 RuntimeOnly:0 HLODRelevant:0 ListedInSceneOutliner:1 IsMainWorldOnly:0
 |   |   |- [+] [ 25]
 |   |   |   |- Guid:EC4E0C944CE6AC6E784BC6BB2916EA13 BaseClass: NativeClass:/Script/Engine.StaticMeshActor Name:StaticMeshActor_UAID_A4AE111137DC5EFB00_1110535423 Label:SM_SkySphere SpatiallyLoaded:0 Bounds:IsValid=true, Min=(X=-1638400.000 Y=-1638400.000 Z=-1638400.000), Max=(X=1638400.000 Y=1638400.000 Z=1638400.000) RuntimeGrid:None EditorOnly:0 RuntimeOnly:0 HLODRelevant:1 ListedInSceneOutliner:1 IsMainWorldOnly:0 FolderPath:Lighting FolderGuid:963EC3EB4002CCE9759E2EBA541A873A
 |   |   |- [+] [ 26]
 |   |   |   |- Guid:F1924B8D48954B30891B2DB6A694F9CC BaseClass: NativeClass:/Script/Engine.StaticMeshActor Name:StaticMeshActor_1 Label:SM_Cube SpatiallyLoaded:1 Bounds:IsValid=true, Min=(X=0.000 Y=0.000 Z=-50.000), Max=(X=3000.000 Y=3500.000 Z=0.000) RuntimeGrid:None EditorOnly:0 RuntimeOnly:0 HLODRelevant:1 ListedInSceneOutliner:1 IsMainWorldOnly:0 FolderPath:Playground FolderGuid:C73F09FC4215536B1DCE2A9E0A830C70
 |   |   |- [+] [ 27]
 |   |   |   |- Guid:F5E3FEB3450C49844FD93DA8E083C8AD BaseClass: NativeClass:/Script/Engine.PostProcessVolume Name:PostProcessVolume_0 Label:PostProcessVolume SpatiallyLoaded:0 Bounds:IsValid=true, Min=(X=0.000 Y=0.000 Z=400.000), Max=(X=200.000 Y=200.000 Z=600.000) RuntimeGrid:None EditorOnly:0 RuntimeOnly:0 HLODRelevant:0 ListedInSceneOutliner:1 IsMainWorldOnly:0 FolderPath:Lighting FolderGuid:963EC3EB4002CCE9759E2EBA541A873A
 |- ContainerInstances:
 |- [+] MainContainer:
 |   |-        ID: 00000000000000000000000000000000
 |   |-  ParentID: 00000000000000000000000000000000
 |   |-    Bounds: IsValid=false, Min=(X=0.000 Y=0.000 Z=0.000), Max=(X=0.000 Y=0.000 Z=0.000)
 |   |- Transform: 0.000000,0.000000,0.000000|0.000000,0.000000,-0.000000|1.000000,1.000000,1.000000
 |   |- Container: /Game/ThirdPerson/Maps/ThirdPersonMap
----------------------------------------------------------------------------------------------------------------
ThirdPersonMap - Persistent Level
----------------------------------------------------------------------------------------------------------------
[+] Content of ThirdPersonMap Persistent Level
 |- Always loaded Actor Count: 28 
 |- Actor Path: /Game/ThirdPerson/Maps/ThirdPersonMap.ThirdPersonMap:PersistentLevel.BP_abonement_C_UAID_18C04D803214122002_1730569456
 |- Actor Package: /Game/__ExternalActors__/ThirdPerson/Maps/ThirdPersonMap/C/PD/30LC9E0MB46NYNOOJAVN47
 |- Actor Path: /Game/ThirdPerson/Maps/ThirdPersonMap.ThirdPersonMap:PersistentLevel.BP_coin_C_UAID_18C04D803214FB1F02_1704255409
 |- Actor Package: /Game/__ExternalActors__/ThirdPerson/Maps/ThirdPersonMap/7/TE/2BC1WTV58RGDEUXH6F5GPH
 |- Actor Path: /Game/ThirdPerson/Maps/ThirdPersonMap.ThirdPersonMap:PersistentLevel.BP_debuff_C_UAID_18C04D803214722402_1351760577
 |- Actor Package: /Game/__ExternalActors__/ThirdPerson/Maps/ThirdPersonMap/E/RS/D3QNPPY97P3PRHZ3U4HFO0
 |- Actor Path: /Game/ThirdPerson/Maps/ThirdPersonMap.ThirdPersonMap:PersistentLevel.BP_donut_C_UAID_18C04D803214722402_2029316578
 |- Actor Package: /Game/__ExternalActors__/ThirdPerson/Maps/ThirdPersonMap/0/52/6NAFGUSVJPZC7MZPY3X2RM
 |- Actor Path: /Game/ThirdPerson/Maps/ThirdPersonMap.ThirdPersonMap:PersistentLevel.BP_explosure_C_UAID_18C04D803214142002_1176598809
 |- Actor Package: /Game/__ExternalActors__/ThirdPerson/Maps/ThirdPersonMap/A/7S/4KWA8O5O624Q369NR1GHL6
 |- Actor Path: /Game/ThirdPerson/Maps/ThirdPersonMap.ThirdPersonMap:PersistentLevel.BP_grades_C_UAID_18C04D803214732402_2122979756
 |- Actor Package: /Game/__ExternalActors__/ThirdPerson/Maps/ThirdPersonMap/C/CV/QBHZE53EPANC07VRDDIBDB
 |- Actor Path: /Game/ThirdPerson/Maps/ThirdPersonMap.ThirdPersonMap:PersistentLevel.BP_metronom_C_UAID_18C04D803214942102_1382470391
 |- Actor Package: /Game/__ExternalActors__/ThirdPerson/Maps/ThirdPersonMap/4/G7/U6G9B963YGIJTRHSFMIFOM
 |- Actor Path: /Game/ThirdPerson/Maps/ThirdPersonMap.ThirdPersonMap:PersistentLevel.BP_minsec_C_UAID_18C04D803214162002_1787449166
 |- Actor Package: /Game/__ExternalActors__/ThirdPerson/Maps/ThirdPersonMap/6/HQ/67UNU905L3P7AWZA0ZXEA3
 |- Actor Path: /Game/ThirdPerson/Maps/ThirdPersonMap.ThirdPersonMap:PersistentLevel.BP_potion_C_UAID_18C04D803214732402_1494625755
 |- Actor Package: /Game/__ExternalActors__/ThirdPerson/Maps/ThirdPersonMap/8/MC/RA49X7TZRN1EA2GJC67UXA
 |- Actor Path: /Game/ThirdPerson/Maps/ThirdPersonMap.ThirdPersonMap:PersistentLevel.BP_recoloured_C_UAID_18C04D803214142002_1613221810
 |- Actor Package: /Game/__ExternalActors__/ThirdPerson/Maps/ThirdPersonMap/6/UJ/UDDVNZYMF9MHYVDEV1DPX2
 |- Actor Path: /Game/ThirdPerson/Maps/ThirdPersonMap.ThirdPersonMap:PersistentLevel.BP_rotation_C_UAID_18C04D8032140E2002_1130894751
 |- Actor Package: /Game/__ExternalActors__/ThirdPerson/Maps/ThirdPersonMap/6/GW/BL33RS5263THCKKTOFA6IT
 |- Actor Path: /Game/ThirdPerson/Maps/ThirdPersonMap.ThirdPersonMap:PersistentLevel.BP_seconds_C_UAID_18C04D803214152002_1907234989
 |- Actor Package: /Game/__ExternalActors__/ThirdPerson/Maps/ThirdPersonMap/A/PC/J2H0ZF6RSZ1R26VGCCDV4W
 |- Actor Path: /Game/ThirdPerson/Maps/ThirdPersonMap.ThirdPersonMap:PersistentLevel.BP_ticket_C_UAID_18C04D803214122002_1338393455
 |- Actor Package: /Game/__ExternalActors__/ThirdPerson/Maps/ThirdPersonMap/5/LD/GFZ3RZ4VMIY5UIPUGFNS34
 |- Actor Path: /Game/ThirdPerson/Maps/ThirdPersonMap.ThirdPersonMap:PersistentLevel.BP_time_C_UAID_18C04D803214152002_1186650988
 |- Actor Package: /Game/__ExternalActors__/ThirdPerson/Maps/ThirdPersonMap/F/46/M75R6K3X4YW0KB2Q8PAKUW
 |- Actor Path: /Game/ThirdPerson/Maps/ThirdPersonMap.ThirdPersonMap:PersistentLevel.BP_tourniquet_C_UAID_18C04D8032140E2002_1889460753
 |- Actor Package: /Game/__ExternalActors__/ThirdPerson/Maps/ThirdPersonMap/A/79/J8567KGQPIAW4SJ2L4T60A
 |- Actor Path: /Game/ThirdPerson/Maps/ThirdPersonMap.ThirdPersonMap:PersistentLevel.BP_transformation_C_UAID_18C04D803214142002_1767668811
 |- Actor Package: /Game/__ExternalActors__/ThirdPerson/Maps/ThirdPersonMap/4/SR/SQ1D0BRQKUYUNRQUVYVGZ2
 |- Actor Path: /Game/ThirdPerson/Maps/ThirdPersonMap.ThirdPersonMap:PersistentLevel.BP_year_C_UAID_18C04D803214742402_1814666933
 |- Actor Package: /Game/__ExternalActors__/ThirdPerson/Maps/ThirdPersonMap/D/9N/MHCK49H73NQK00XF6RW1JD
 |- Actor Path: /Game/ThirdPerson/Maps/ThirdPersonMap.ThirdPersonMap:PersistentLevel.DirectionalLight_0
 |- Actor Package: /Game/__ExternalActors__/ThirdPerson/Maps/ThirdPersonMap/5/R1/TS5OQ5CRUWFZYL1ZQ7I416
 |- Actor Path: /Game/ThirdPerson/Maps/ThirdPersonMap.ThirdPersonMap:PersistentLevel.ExponentialHeightFog_0
 |- Actor Package: /Game/__ExternalActors__/ThirdPerson/Maps/ThirdPersonMap/6/J7/N10XDC9G27EMLS5AGZ6AVV
 |- Actor Path: /Game/ThirdPerson/Maps/ThirdPersonMap.ThirdPersonMap:PersistentLevel.PlayerStart_0
 |- Actor Package: /Game/__ExternalActors__/ThirdPerson/Maps/ThirdPersonMap/D/DE/SWSI13675DVYIZ0N4NF7Y3
 |- Actor Path: /Game/ThirdPerson/Maps/ThirdPersonMap.ThirdPersonMap:PersistentLevel.PostProcessVolume_0
 |- Actor Package: /Game/__ExternalActors__/ThirdPerson/Maps/ThirdPersonMap/1/AZ/A7GPT109Y6ZTTJD4A7TXER
 |- Actor Path: /Game/ThirdPerson/Maps/ThirdPersonMap.ThirdPersonMap:PersistentLevel.SkyAtmosphere_0
 |- Actor Package: /Game/__ExternalActors__/ThirdPerson/Maps/ThirdPersonMap/4/LN/30UBDLYFFA5ZR7U4W4L4GG
 |- Actor Path: /Game/ThirdPerson/Maps/ThirdPersonMap.ThirdPersonMap:PersistentLevel.SkyLight_1
 |- Actor Package: /Game/__ExternalActors__/ThirdPerson/Maps/ThirdPersonMap/8/S1/DXUWD12MD3HRWVVXX076BY
 |- Actor Path: /Game/ThirdPerson/Maps/ThirdPersonMap.ThirdPersonMap:PersistentLevel.StaticMeshActor_1
 |- Actor Package: /Game/__ExternalActors__/ThirdPerson/Maps/ThirdPersonMap/6/YO/NG2R9BPZVA7ZDN0Z4VSTG6
 |- Actor Path: /Game/ThirdPerson/Maps/ThirdPersonMap.ThirdPersonMap:PersistentLevel.StaticMeshActor_UAID_A4AE111137DC5EFB00_1110535423
 |- Actor Package: /Game/__ExternalActors__/ThirdPerson/Maps/ThirdPersonMap/4/PN/2QISIGK5DJNQ05US8O8FXW
 |- Actor Path: /Game/ThirdPerson/Maps/ThirdPersonMap.ThirdPersonMap:PersistentLevel.TextRenderActor_1
 |- Actor Package: /Game/__ExternalActors__/ThirdPerson/Maps/ThirdPersonMap/1/WU/NB37RT5Q32Z8MJWD8BD2SO
 |- Actor Path: /Game/ThirdPerson/Maps/ThirdPersonMap.ThirdPersonMap:PersistentLevel.VolumetricCloud_0
 |- Actor Package: /Game/__ExternalActors__/ThirdPerson/Maps/ThirdPersonMap/3/EY/87SHEJN5UBEAN2K5OV1G6R
 |- Actor Path: /Game/ThirdPerson/Maps/ThirdPersonMap.ThirdPersonMap:PersistentLevel.WorldDataLayers
 |- Actor Package: /Game/__ExternalActors__/ThirdPerson/Maps/ThirdPersonMap/0/43/HYQWORMY4JDQ5X3OKZXFLC

----------------------------------------------------------------------------------------------------------------
ThirdPersonMap - Runtime Hash Set
----------------------------------------------------------------------------------------------------------------

